000 (8825761.000.000) 10/12 12:40:56 Job submitted from host: <137.138.156.150:9618?addrs=137.138.156.150-9618+[2001-1458-d00-14--9a]-9618&alias=bigbird13.cern.ch&noUDP&sock=schedd_2127_8608>
...
040 (8825761.000.000) 10/13 04:30:00 Started transferring input files
	Transferring to host: <128.142.137.92:9618?addrs=128.142.137.92-9618+[2001-1458-301-5e--100-50]-9618&alias=b7g19p2085.cern.ch&noUDP&sock=slot1_15_4827_cedd_199514>
...
001 (8825761.000.000) 10/13 04:30:00 Job executing on host: <128.142.137.92:9618?addrs=128.142.137.92-9618+[2001-1458-301-5e--100-50]-9618&alias=b7g19p2085.cern.ch&noUDP&sock=startd_3495_db97>
...
040 (8825761.000.000) 10/13 04:30:00 Finished transferring input files
...
006 (8825761.000.000) 10/13 04:30:09 Image size of job updated: 6440
	5  -  MemoryUsage of job (MB)
	4832  -  ResidentSetSize of job (KB)
...
006 (8825761.000.000) 10/13 04:30:43 Image size of job updated: 414724
	5  -  MemoryUsage of job (MB)
	4832  -  ResidentSetSize of job (KB)
...
040 (8825761.000.000) 10/13 04:30:44 Started transferring output files
...
040 (8825761.000.000) 10/13 04:30:44 Finished transferring output files
...
004 (8825761.000.000) 10/13 04:30:44 Job was evicted.
	(0) Job terminated and was requeued
		Usr 0 00:00:01, Sys 0 00:00:00  -  Run Remote Usage
		Usr 0 00:00:00, Sys 0 00:00:00  -  Run Local Usage
	5561  -  Run Bytes Sent By Job
	368  -  Run Bytes Received By Job
	(1) Normal termination (return value 1)
	The job attribute OnExitRemove expression 'NumJobCompletions > JobMaxRetries || ExitCode =?= 0 || (ExitBySignal == false) && (ExitCode == 0)' evaluated to FALSE
...
040 (8825761.000.000) 10/13 04:33:39 Started transferring input files
	Transferring to host: <188.184.160.57:9618?addrs=188.184.160.57-9618+[2001-1458-301-48--100-33]-9618&alias=b7s09p9867.cern.ch&noUDP&sock=slot1_30_269776_58d3_113054>
...
001 (8825761.000.000) 10/13 04:33:39 Job executing on host: <188.184.160.57:9618?addrs=188.184.160.57-9618+[2001-1458-301-48--100-33]-9618&alias=b7s09p9867.cern.ch&noUDP&sock=startd_28985_e0aa>
...
040 (8825761.000.000) 10/13 04:33:39 Finished transferring input files
...
006 (8825761.000.000) 10/13 04:33:47 Image size of job updated: 1026648
	135  -  MemoryUsage of job (MB)
	137304  -  ResidentSetSize of job (KB)
...
006 (8825761.000.000) 10/13 04:38:47 Image size of job updated: 2505520
	1474  -  MemoryUsage of job (MB)
	1508968  -  ResidentSetSize of job (KB)
...
006 (8825761.000.000) 10/13 04:43:48 Image size of job updated: 4076396
	2848  -  MemoryUsage of job (MB)
	2915736  -  ResidentSetSize of job (KB)
...
006 (8825761.000.000) 10/13 04:48:49 Image size of job updated: 4656508
	2848  -  MemoryUsage of job (MB)
	2915736  -  ResidentSetSize of job (KB)
...
006 (8825761.000.000) 10/13 04:58:50 Image size of job updated: 5542372
	4167  -  MemoryUsage of job (MB)
	4266020  -  ResidentSetSize of job (KB)
...
006 (8825761.000.000) 10/13 05:03:51 Image size of job updated: 7210448
	5622  -  MemoryUsage of job (MB)
	5756068  -  ResidentSetSize of job (KB)
...
006 (8825761.000.000) 10/13 05:08:51 Image size of job updated: 7832824
	5622  -  MemoryUsage of job (MB)
	5756068  -  ResidentSetSize of job (KB)
...
006 (8825761.000.000) 10/13 05:28:53 Image size of job updated: 8014040
	5622  -  MemoryUsage of job (MB)
	5756068  -  ResidentSetSize of job (KB)
...
006 (8825761.000.000) 10/13 05:33:54 Image size of job updated: 8478892
	5622  -  MemoryUsage of job (MB)
	5756068  -  ResidentSetSize of job (KB)
...
006 (8825761.000.000) 10/13 05:58:57 Image size of job updated: 8701040
	5622  -  MemoryUsage of job (MB)
	5756068  -  ResidentSetSize of job (KB)
...
006 (8825761.000.000) 10/13 06:18:58 Image size of job updated: 8701040
	5931  -  MemoryUsage of job (MB)
	6073052  -  ResidentSetSize of job (KB)
...
006 (8825761.000.000) 10/13 06:23:59 Image size of job updated: 8940116
	5931  -  MemoryUsage of job (MB)
	6073052  -  ResidentSetSize of job (KB)
...
006 (8825761.000.000) 10/13 06:44:02 Image size of job updated: 8940116
	6513  -  MemoryUsage of job (MB)
	6668644  -  ResidentSetSize of job (KB)
...
006 (8825761.000.000) 10/13 06:49:02 Image size of job updated: 9157792
	6513  -  MemoryUsage of job (MB)
	6668644  -  ResidentSetSize of job (KB)
...
006 (8825761.000.000) 10/13 07:09:03 Image size of job updated: 9307284
	6861  -  MemoryUsage of job (MB)
	7025448  -  ResidentSetSize of job (KB)
...
006 (8825761.000.000) 10/13 07:14:04 Image size of job updated: 9373716
	6861  -  MemoryUsage of job (MB)
	7025552  -  ResidentSetSize of job (KB)
...
006 (8825761.000.000) 10/13 07:34:07 Image size of job updated: 9629612
	6861  -  MemoryUsage of job (MB)
	7025552  -  ResidentSetSize of job (KB)
...
006 (8825761.000.000) 10/13 07:59:08 Image size of job updated: 9770440
	6861  -  MemoryUsage of job (MB)
	7025552  -  ResidentSetSize of job (KB)
...
006 (8825761.000.000) 10/13 11:14:29 Image size of job updated: 9827656
	6861  -  MemoryUsage of job (MB)
	7025552  -  ResidentSetSize of job (KB)
...
006 (8825761.000.000) 10/13 11:39:31 Image size of job updated: 10029984
	6861  -  MemoryUsage of job (MB)
	7025552  -  ResidentSetSize of job (KB)
...
006 (8825761.000.000) 10/13 12:04:35 Image size of job updated: 10244800
	6861  -  MemoryUsage of job (MB)
	7025552  -  ResidentSetSize of job (KB)
...
006 (8825761.000.000) 10/13 12:24:37 Image size of job updated: 10547236
	6861  -  MemoryUsage of job (MB)
	7025552  -  ResidentSetSize of job (KB)
...
040 (8825761.000.000) 10/13 12:34:43 Entered queue to transfer output files
...
040 (8825761.000.000) 10/13 12:34:45 Started transferring output files
...
040 (8825761.000.000) 10/13 12:41:57 Finished transferring output files
...
007 (8825761.000.000) 10/13 12:41:58 Shadow exception!
	Error from slot1_30@b7s09p9867.cern.ch: STARTER at 188.184.160.57 failed to send file(s) to <137.138.156.150:9618>: error sending /afs/cern.ch/user/a/aborjess/work/public/ML-Optic-Correction/src/non_linear_tests/supervised_learning/htcondor_dataset/samples/sample_51_seed_9196875_b1.csv: max total download bytes exceeded (max=1024 MB, this file=0 MB); SHADOW failed to receive file(s) from <188.184.160.57:39961>
	1073741824  -  Run Bytes Sent By Job
	368  -  Run Bytes Received By Job
...
012 (8825761.000.000) 10/13 12:42:00 Job was held.
	Error from slot1_30@b7s09p9867.cern.ch: STARTER at 188.184.160.57 failed to send file(s) to <137.138.156.150:9618>: error sending /afs/cern.ch/user/a/aborjess/work/public/ML-Optic-Correction/src/non_linear_tests/supervised_learning/htcondor_dataset/samples/sample_51_seed_9196875_b1.csv: max total download bytes exceeded (max=1024 MB, this file=0 MB); SHADOW failed to receive file(s) from <188.184.160.57:39961>
	Code 33 Subcode 0
...
009 (8825761.000.000) 10/13 12:43:32 Job was aborted.
	Job removed by SYSTEM_PERIODIC_REMOVE due to wall time exceeded allowed max.

	Job terminated by itself at 2023-10-13T02:30:43Z (using method 0: OF_ITS_OWN_ACCORD).
...
